<?xml version="1.0" encoding="UTF-8"?>
<coverage generated="1740254450049" clover="3.2.0">
  <project timestamp="1740254450049" name="All files">
    <metrics statements="62" coveredstatements="62" conditionals="6" coveredconditionals="6" methods="26" coveredmethods="26" elements="94" coveredelements="94" complexity="0" loc="62" ncloc="62" packages="1" files="2" classes="2"/>
    <file name="AuthService.ts" path="C:\Users\david\gauntlet-ai\projects\zoomlearner\src\services\AuthService.ts">
      <metrics statements="34" coveredstatements="34" conditionals="6" coveredconditionals="6" methods="9" coveredmethods="9"/>
      <line num="1" count="1" type="stmt"/>
      <line num="3" count="1" type="stmt"/>
      <line num="10" count="1" type="stmt"/>
      <line num="11" count="12" type="stmt"/>
      <line num="12" count="12" type="stmt"/>
      <line num="15" count="12" type="stmt"/>
      <line num="18" count="12" type="stmt"/>
      <line num="19" count="16" type="cond" truecount="2" falsecount="0"/>
      <line num="20" count="16" type="stmt"/>
      <line num="31" count="2" type="stmt"/>
      <line num="32" count="2" type="stmt"/>
      <line num="37" count="2" type="cond" truecount="1" falsecount="0"/>
      <line num="38" count="1" type="stmt"/>
      <line num="39" count="1" type="stmt"/>
      <line num="41" count="1" type="stmt"/>
      <line num="52" count="2" type="stmt"/>
      <line num="53" count="2" type="stmt"/>
      <line num="58" count="2" type="cond" truecount="1" falsecount="0"/>
      <line num="60" count="1" type="stmt"/>
      <line num="62" count="1" type="stmt"/>
      <line num="70" count="2" type="stmt"/>
      <line num="71" count="2" type="stmt"/>
      <line num="72" count="2" type="cond" truecount="1" falsecount="0"/>
      <line num="73" count="1" type="stmt"/>
      <line num="74" count="1" type="stmt"/>
      <line num="76" count="1" type="stmt"/>
      <line num="87" count="2" type="stmt"/>
      <line num="88" count="2" type="stmt"/>
      <line num="89" count="2" type="cond" truecount="1" falsecount="0"/>
      <line num="90" count="1" type="stmt"/>
      <line num="92" count="1" type="stmt"/>
      <line num="100" count="1" type="stmt"/>
      <line num="107" count="2" type="stmt"/>
      <line num="114" count="1" type="stmt"/>
    </file>
    <file name="ReaderService.ts" path="C:\Users\david\gauntlet-ai\projects\zoomlearner\src\services\ReaderService.ts">
      <metrics statements="28" coveredstatements="28" conditionals="0" coveredconditionals="0" methods="17" coveredmethods="17"/>
      <line num="1" count="1" type="stmt"/>
      <line num="2" count="1" type="stmt"/>
      <line num="9" count="1" type="stmt"/>
      <line num="10" count="16" type="stmt"/>
      <line num="11" count="16" type="stmt"/>
      <line num="16" count="16" type="stmt"/>
      <line num="17" count="16" type="stmt"/>
      <line num="20" count="16" type="stmt"/>
      <line num="21" count="4" type="stmt"/>
      <line num="24" count="16" type="stmt"/>
      <line num="25" count="2" type="stmt"/>
      <line num="28" count="16" type="stmt"/>
      <line num="29" count="2" type="stmt"/>
      <line num="37" count="1" type="stmt"/>
      <line num="38" count="1" type="stmt"/>
      <line num="45" count="1" type="stmt"/>
      <line num="46" count="1" type="stmt"/>
      <line num="53" count="3" type="stmt"/>
      <line num="61" count="1" type="stmt"/>
      <line num="69" count="2" type="stmt"/>
      <line num="76" count="1" type="stmt"/>
      <line num="83" count="1" type="stmt"/>
      <line num="90" count="3" type="stmt"/>
      <line num="97" count="1" type="stmt"/>
      <line num="104" count="1" type="stmt"/>
      <line num="111" count="1" type="stmt"/>
      <line num="120" count="4" type="stmt"/>
      <line num="129" count="1" type="stmt"/>
    </file>
  </project>
</coverage>
