{"C:\\Users\\david\\gauntlet-ai\\projects\\zoomlearner\\src\\services\\AuthService.ts": {"path":"C:\\Users\\david\\gauntlet-ai\\projects\\zoomlearner\\src\\services\\AuthService.ts","statementMap":{"0":{"start":{"line":1,"column":0},"end":{"line":1,"column":43}},"1":{"start":{"line":3,"column":0},"end":{"line":3,"column":34}},"2":{"start":{"line":11,"column":10},"end":{"line":11,"column":null}},"3":{"start":{"line":12,"column":10},"end":{"line":12,"column":null}},"4":{"start":{"line":15,"column":4},"end":{"line":15,"column":43}},"5":{"start":{"line":18,"column":4},"end":{"line":21,"column":7}},"6":{"start":{"line":19,"column":6},"end":{"line":19,"column":47}},"7":{"start":{"line":20,"column":6},"end":{"line":20,"column":68}},"8":{"start":{"line":31,"column":4},"end":{"line":42,"column":5}},"9":{"start":{"line":32,"column":30},"end":{"line":35,"column":8}},"10":{"start":{"line":37,"column":6},"end":{"line":37,"column":29}},"11":{"start":{"line":37,"column":17},"end":{"line":37,"column":29}},"12":{"start":{"line":38,"column":6},"end":{"line":38,"column":35}},"13":{"start":{"line":39,"column":6},"end":{"line":39,"column":46}},"14":{"start":{"line":41,"column":6},"end":{"line":41,"column":51}},"15":{"start":{"line":52,"column":4},"end":{"line":63,"column":5}},"16":{"start":{"line":53,"column":30},"end":{"line":56,"column":8}},"17":{"start":{"line":58,"column":6},"end":{"line":58,"column":29}},"18":{"start":{"line":58,"column":17},"end":{"line":58,"column":29}},"19":{"start":{"line":60,"column":6},"end":{"line":60,"column":46}},"20":{"start":{"line":62,"column":6},"end":{"line":62,"column":51}},"21":{"start":{"line":70,"column":4},"end":{"line":77,"column":5}},"22":{"start":{"line":71,"column":24},"end":{"line":71,"column":53}},"23":{"start":{"line":72,"column":6},"end":{"line":72,"column":29}},"24":{"start":{"line":72,"column":17},"end":{"line":72,"column":29}},"25":{"start":{"line":73,"column":6},"end":{"line":73,"column":30}},"26":{"start":{"line":74,"column":6},"end":{"line":74,"column":29}},"27":{"start":{"line":76,"column":6},"end":{"line":76,"column":39}},"28":{"start":{"line":87,"column":4},"end":{"line":93,"column":5}},"29":{"start":{"line":88,"column":30},"end":{"line":88,"column":62}},"30":{"start":{"line":89,"column":6},"end":{"line":89,"column":29}},"31":{"start":{"line":89,"column":17},"end":{"line":89,"column":29}},"32":{"start":{"line":90,"column":6},"end":{"line":90,"column":52}},"33":{"start":{"line":92,"column":6},"end":{"line":92,"column":54}},"34":{"start":{"line":100,"column":4},"end":{"line":100,"column":28}},"35":{"start":{"line":107,"column":4},"end":{"line":107,"column":42}},"36":{"start":{"line":114,"column":4},"end":{"line":114,"column":43}},"37":{"start":{"line":10,"column":0},"end":{"line":10,"column":13}}},"fnMap":{"0":{"name":"(anonymous_1)","decl":{"start":{"line":14,"column":2},"end":{"line":14,"column":null}},"loc":{"start":{"line":14,"column":2},"end":{"line":22,"column":3}}},"1":{"name":"(anonymous_2)","decl":{"start":{"line":18,"column":36},"end":{"line":18,"column":37}},"loc":{"start":{"line":18,"column":55},"end":{"line":21,"column":5}}},"2":{"name":"(anonymous_3)","decl":{"start":{"line":27,"column":2},"end":{"line":27,"column":7}},"loc":{"start":{"line":27,"column":46},"end":{"line":43,"column":3}}},"3":{"name":"(anonymous_4)","decl":{"start":{"line":48,"column":2},"end":{"line":48,"column":7}},"loc":{"start":{"line":48,"column":46},"end":{"line":64,"column":3}}},"4":{"name":"(anonymous_5)","decl":{"start":{"line":69,"column":2},"end":{"line":69,"column":7}},"loc":{"start":{"line":69,"column":15},"end":{"line":78,"column":3}}},"5":{"name":"(anonymous_6)","decl":{"start":{"line":83,"column":2},"end":{"line":83,"column":7}},"loc":{"start":{"line":83,"column":18},"end":{"line":94,"column":3}}},"6":{"name":"(anonymous_7)","decl":{"start":{"line":99,"column":2},"end":{"line":99,"column":16}},"loc":{"start":{"line":99,"column":16},"end":{"line":101,"column":3}}},"7":{"name":"(anonymous_8)","decl":{"start":{"line":106,"column":2},"end":{"line":106,"column":11}},"loc":{"start":{"line":106,"column":61},"end":{"line":108,"column":3}}},"8":{"name":"(anonymous_9)","decl":{"start":{"line":113,"column":2},"end":{"line":113,"column":13}},"loc":{"start":{"line":113,"column":63},"end":{"line":115,"column":3}}}},"branchMap":{"0":{"loc":{"start":{"line":19,"column":25},"end":{"line":19,"column":46}},"type":"binary-expr","locations":[{"start":{"line":19,"column":25},"end":{"line":19,"column":38}},{"start":{"line":19,"column":42},"end":{"line":19,"column":46}}]},"1":{"loc":{"start":{"line":37,"column":6},"end":{"line":37,"column":29}},"type":"if","locations":[{"start":{"line":37,"column":6},"end":{"line":37,"column":29}}]},"2":{"loc":{"start":{"line":58,"column":6},"end":{"line":58,"column":29}},"type":"if","locations":[{"start":{"line":58,"column":6},"end":{"line":58,"column":29}}]},"3":{"loc":{"start":{"line":72,"column":6},"end":{"line":72,"column":29}},"type":"if","locations":[{"start":{"line":72,"column":6},"end":{"line":72,"column":29}}]},"4":{"loc":{"start":{"line":89,"column":6},"end":{"line":89,"column":29}},"type":"if","locations":[{"start":{"line":89,"column":6},"end":{"line":89,"column":29}}]}},"s":{"0":1,"1":1,"2":12,"3":12,"4":12,"5":12,"6":16,"7":16,"8":2,"9":2,"10":2,"11":1,"12":1,"13":1,"14":1,"15":2,"16":2,"17":2,"18":1,"19":1,"20":1,"21":2,"22":2,"23":2,"24":1,"25":1,"26":1,"27":1,"28":2,"29":2,"30":2,"31":1,"32":1,"33":1,"34":1,"35":2,"36":1,"37":1},"f":{"0":12,"1":16,"2":2,"3":2,"4":2,"5":2,"6":1,"7":2,"8":1},"b":{"0":[16,14],"1":[1],"2":[1],"3":[1],"4":[1]}}
,"C:\\Users\\david\\gauntlet-ai\\projects\\zoomlearner\\src\\services\\ReaderService.ts": {"path":"C:\\Users\\david\\gauntlet-ai\\projects\\zoomlearner\\src\\services\\ReaderService.ts","statementMap":{"0":{"start":{"line":1,"column":0},"end":{"line":1,"column":47}},"1":{"start":{"line":2,"column":0},"end":{"line":2,"column":34}},"2":{"start":{"line":10,"column":10},"end":{"line":10,"column":null}},"3":{"start":{"line":11,"column":10},"end":{"line":11,"column":null}},"4":{"start":{"line":16,"column":4},"end":{"line":16,"column":35}},"5":{"start":{"line":17,"column":4},"end":{"line":17,"column":43}},"6":{"start":{"line":20,"column":4},"end":{"line":22,"column":6}},"7":{"start":{"line":21,"column":6},"end":{"line":21,"column":49}},"8":{"start":{"line":24,"column":4},"end":{"line":26,"column":6}},"9":{"start":{"line":25,"column":6},"end":{"line":25,"column":65}},"10":{"start":{"line":28,"column":4},"end":{"line":30,"column":6}},"11":{"start":{"line":29,"column":6},"end":{"line":29,"column":49}},"12":{"start":{"line":37,"column":4},"end":{"line":37,"column":24}},"13":{"start":{"line":38,"column":4},"end":{"line":38,"column":35}},"14":{"start":{"line":45,"column":4},"end":{"line":45,"column":24}},"15":{"start":{"line":46,"column":4},"end":{"line":46,"column":36}},"16":{"start":{"line":53,"column":4},"end":{"line":53,"column":30}},"17":{"start":{"line":61,"column":4},"end":{"line":61,"column":34}},"18":{"start":{"line":69,"column":4},"end":{"line":69,"column":37}},"19":{"start":{"line":76,"column":4},"end":{"line":76,"column":40}},"20":{"start":{"line":83,"column":4},"end":{"line":83,"column":41}},"21":{"start":{"line":90,"column":4},"end":{"line":90,"column":39}},"22":{"start":{"line":97,"column":4},"end":{"line":97,"column":34}},"23":{"start":{"line":104,"column":4},"end":{"line":104,"column":35}},"24":{"start":{"line":111,"column":4},"end":{"line":111,"column":34}},"25":{"start":{"line":120,"column":4},"end":{"line":120,"column":42}},"26":{"start":{"line":129,"column":4},"end":{"line":129,"column":43}},"27":{"start":{"line":9,"column":0},"end":{"line":9,"column":13}}},"fnMap":{"0":{"name":"(anonymous_1)","decl":{"start":{"line":13,"column":2},"end":{"line":13,"column":null}},"loc":{"start":{"line":13,"column":2},"end":{"line":31,"column":3}}},"1":{"name":"(anonymous_2)","decl":{"start":{"line":20,"column":31},"end":{"line":20,"column":32}},"loc":{"start":{"line":20,"column":48},"end":{"line":22,"column":5}}},"2":{"name":"(anonymous_3)","decl":{"start":{"line":24,"column":35},"end":{"line":24,"column":36}},"loc":{"start":{"line":24,"column":68},"end":{"line":26,"column":5}}},"3":{"name":"(anonymous_4)","decl":{"start":{"line":28,"column":32},"end":{"line":28,"column":33}},"loc":{"start":{"line":28,"column":48},"end":{"line":30,"column":5}}},"4":{"name":"(anonymous_5)","decl":{"start":{"line":36,"column":2},"end":{"line":36,"column":6}},"loc":{"start":{"line":36,"column":6},"end":{"line":39,"column":3}}},"5":{"name":"(anonymous_6)","decl":{"start":{"line":44,"column":2},"end":{"line":44,"column":7}},"loc":{"start":{"line":44,"column":7},"end":{"line":47,"column":3}}},"6":{"name":"(anonymous_7)","decl":{"start":{"line":52,"column":2},"end":{"line":52,"column":10}},"loc":{"start":{"line":52,"column":22},"end":{"line":55,"column":3}}},"7":{"name":"(anonymous_8)","decl":{"start":{"line":60,"column":2},"end":{"line":60,"column":13}},"loc":{"start":{"line":60,"column":26},"end":{"line":63,"column":3}}},"8":{"name":"(anonymous_9)","decl":{"start":{"line":68,"column":2},"end":{"line":68,"column":7}},"loc":{"start":{"line":68,"column":27},"end":{"line":70,"column":3}}},"9":{"name":"(anonymous_10)","decl":{"start":{"line":75,"column":2},"end":{"line":75,"column":16}},"loc":{"start":{"line":75,"column":16},"end":{"line":77,"column":3}}},"10":{"name":"(anonymous_11)","decl":{"start":{"line":82,"column":2},"end":{"line":82,"column":17}},"loc":{"start":{"line":82,"column":17},"end":{"line":84,"column":3}}},"11":{"name":"(anonymous_12)","decl":{"start":{"line":89,"column":2},"end":{"line":89,"column":17}},"loc":{"start":{"line":89,"column":31},"end":{"line":91,"column":3}}},"12":{"name":"(anonymous_13)","decl":{"start":{"line":96,"column":2},"end":{"line":96,"column":10}},"loc":{"start":{"line":96,"column":10},"end":{"line":98,"column":3}}},"13":{"name":"(anonymous_14)","decl":{"start":{"line":103,"column":2},"end":{"line":103,"column":11}},"loc":{"start":{"line":103,"column":11},"end":{"line":105,"column":3}}},"14":{"name":"(anonymous_15)","decl":{"start":{"line":110,"column":2},"end":{"line":110,"column":10}},"loc":{"start":{"line":110,"column":10},"end":{"line":112,"column":3}}},"15":{"name":"(anonymous_16)","decl":{"start":{"line":119,"column":2},"end":{"line":119,"column":11}},"loc":{"start":{"line":119,"column":61},"end":{"line":121,"column":3}}},"16":{"name":"(anonymous_17)","decl":{"start":{"line":128,"column":2},"end":{"line":128,"column":13}},"loc":{"start":{"line":128,"column":63},"end":{"line":130,"column":3}}}},"branchMap":{},"s":{"0":1,"1":1,"2":16,"3":16,"4":16,"5":16,"6":16,"7":4,"8":16,"9":2,"10":16,"11":2,"12":1,"13":1,"14":1,"15":1,"16":3,"17":1,"18":2,"19":1,"20":1,"21":3,"22":1,"23":1,"24":1,"25":4,"26":1,"27":1},"f":{"0":16,"1":4,"2":2,"3":2,"4":1,"5":1,"6":3,"7":1,"8":2,"9":1,"10":1,"11":3,"12":1,"13":1,"14":1,"15":4,"16":1},"b":{}}
}
