TN:
SF:src\services\AuthService.ts
FN:14,(anonymous_1)
FN:18,(anonymous_2)
FN:27,(anonymous_3)
FN:48,(anonymous_4)
FN:69,(anonymous_5)
FN:83,(anonymous_6)
FN:99,(anonymous_7)
FN:106,(anonymous_8)
FN:113,(anonymous_9)
FNF:9
FNH:9
FNDA:12,(anonymous_1)
FNDA:16,(anonymous_2)
FNDA:2,(anonymous_3)
FNDA:2,(anonymous_4)
FNDA:2,(anonymous_5)
FNDA:2,(anonymous_6)
FNDA:1,(anonymous_7)
FNDA:2,(anonymous_8)
FNDA:1,(anonymous_9)
DA:1,1
DA:3,1
DA:10,1
DA:11,12
DA:12,12
DA:15,12
DA:18,12
DA:19,16
DA:20,16
DA:31,2
DA:32,2
DA:37,2
DA:38,1
DA:39,1
DA:41,1
DA:52,2
DA:53,2
DA:58,2
DA:60,1
DA:62,1
DA:70,2
DA:71,2
DA:72,2
DA:73,1
DA:74,1
DA:76,1
DA:87,2
DA:88,2
DA:89,2
DA:90,1
DA:92,1
DA:100,1
DA:107,2
DA:114,1
LF:34
LH:34
BRDA:19,0,0,16
BRDA:19,0,1,14
BRDA:37,1,0,1
BRDA:58,2,0,1
BRDA:72,3,0,1
BRDA:89,4,0,1
BRF:6
BRH:6
end_of_record
TN:
SF:src\services\ReaderService.ts
FN:13,(anonymous_1)
FN:20,(anonymous_2)
FN:24,(anonymous_3)
FN:28,(anonymous_4)
FN:36,(anonymous_5)
FN:44,(anonymous_6)
FN:52,(anonymous_7)
FN:60,(anonymous_8)
FN:68,(anonymous_9)
FN:75,(anonymous_10)
FN:82,(anonymous_11)
FN:89,(anonymous_12)
FN:96,(anonymous_13)
FN:103,(anonymous_14)
FN:110,(anonymous_15)
FN:119,(anonymous_16)
FN:128,(anonymous_17)
FNF:17
FNH:17
FNDA:16,(anonymous_1)
FNDA:4,(anonymous_2)
FNDA:2,(anonymous_3)
FNDA:2,(anonymous_4)
FNDA:1,(anonymous_5)
FNDA:1,(anonymous_6)
FNDA:3,(anonymous_7)
FNDA:1,(anonymous_8)
FNDA:2,(anonymous_9)
FNDA:1,(anonymous_10)
FNDA:1,(anonymous_11)
FNDA:3,(anonymous_12)
FNDA:1,(anonymous_13)
FNDA:1,(anonymous_14)
FNDA:1,(anonymous_15)
FNDA:4,(anonymous_16)
FNDA:1,(anonymous_17)
DA:1,1
DA:2,1
DA:9,1
DA:10,16
DA:11,16
DA:16,16
DA:17,16
DA:20,16
DA:21,4
DA:24,16
DA:25,2
DA:28,16
DA:29,2
DA:37,1
DA:38,1
DA:45,1
DA:46,1
DA:53,3
DA:61,1
DA:69,2
DA:76,1
DA:83,1
DA:90,3
DA:97,1
DA:104,1
DA:111,1
DA:120,4
DA:129,1
LF:28
LH:28
BRF:0
BRH:0
end_of_record
